DEBUG - 2025-06-25 07:40:07 --> Session: Class initialized using 'CodeIgniter\Session\Handlers\FileHandler' driver.
DEBUG - 2025-06-25 07:40:07 --> Session: Class initialized using 'CodeIgniter\Session\Handlers\FileHandler' driver.
DEBUG - 2025-06-25 07:40:12 --> Session: Class initialized using 'CodeIgniter\Session\Handlers\FileHandler' driver.
DEBUG - 2025-06-25 07:40:12 --> Session: Class initialized using 'CodeIgniter\Session\Handlers\FileHandler' driver.
DEBUG - 2025-06-25 07:40:17 --> Session: Class initialized using 'CodeIgniter\Session\Handlers\FileHandler' driver.
DEBUG - 2025-06-25 07:40:17 --> Session: Class initialized using 'CodeIgniter\Session\Handlers\FileHandler' driver.
ERROR - 2025-06-25 07:40:17 --> mysqli_sql_exception: Expression #1 of SELECT list is not in GROUP BY clause and contains nonaggregated column 'batik.pemesanan_detail.id_detail' which is not functionally dependent on columns in GROUP BY clause; this is incompatible with sql_mode=only_full_group_by in C:\laragon\www\serika-projek\vendor\codeigniter4\framework\system\Database\MySQLi\Connection.php:327
Stack trace:
#0 C:\laragon\www\serika-projek\vendor\codeigniter4\framework\system\Database\MySQLi\Connection.php(327): mysqli->query('SELECT *\nFROM `...', 0)
#1 C:\laragon\www\serika-projek\vendor\codeigniter4\framework\system\Database\BaseConnection.php(738): CodeIgniter\Database\MySQLi\Connection->execute('SELECT *\nFROM `...')
#2 C:\laragon\www\serika-projek\vendor\codeigniter4\framework\system\Database\BaseConnection.php(652): CodeIgniter\Database\BaseConnection->simpleQuery('SELECT *\nFROM `...')
#3 C:\laragon\www\serika-projek\vendor\codeigniter4\framework\system\Database\BaseBuilder.php(1649): CodeIgniter\Database\BaseConnection->query('SELECT *\nFROM `...', Array, false)
#4 C:\laragon\www\serika-projek\app\Controllers\Admin.php(28): CodeIgniter\Database\BaseBuilder->get()
#5 C:\laragon\www\serika-projek\vendor\codeigniter4\framework\system\CodeIgniter.php(933): App\Controllers\Admin->index()
#6 C:\laragon\www\serika-projek\vendor\codeigniter4\framework\system\CodeIgniter.php(507): CodeIgniter\CodeIgniter->runController(Object(App\Controllers\Admin))
#7 C:\laragon\www\serika-projek\vendor\codeigniter4\framework\system\CodeIgniter.php(354): CodeIgniter\CodeIgniter->handleRequest(NULL, Object(Config\Cache), false)
#8 C:\laragon\www\serika-projek\vendor\codeigniter4\framework\system\Boot.php(334): CodeIgniter\CodeIgniter->run()
#9 C:\laragon\www\serika-projek\vendor\codeigniter4\framework\system\Boot.php(67): CodeIgniter\Boot::runCodeIgniter(Object(CodeIgniter\CodeIgniter))
#10 C:\laragon\www\serika-projek\public\index.php(56): CodeIgniter\Boot::bootWeb(Object(Config\Paths))
#11 C:\laragon\www\serika-projek\vendor\codeigniter4\framework\system\rewrite.php(44): require_once('C:\\laragon\\www\\...')
#12 {main}
CRITICAL - 2025-06-25 07:40:17 --> CodeIgniter\Database\Exceptions\DatabaseException: Expression #1 of SELECT list is not in GROUP BY clause and contains nonaggregated column 'batik.pemesanan_detail.id_detail' which is not functionally dependent on columns in GROUP BY clause; this is incompatible with sql_mode=only_full_group_by
[Method: GET, Route: admin]
in SYSTEMPATH\Database\BaseConnection.php on line 692.
 1 SYSTEMPATH\Database\BaseBuilder.php(1649): CodeIgniter\Database\BaseConnection->query('SELECT *
FROM `pemesanan_detail`
JOIN `pemesanan` ON `pemesanan`.`id_p` = `pemesanan_detail`.`id_p`
WHERE `pemesanan_detail`.`status` NOT IN :pemesanan_detail.status:
GROUP BY `pemesanan`.`id_p`', [...], false)
 2 APPPATH\Controllers\Admin.php(28): CodeIgniter\Database\BaseBuilder->get()
 3 SYSTEMPATH\CodeIgniter.php(933): App\Controllers\Admin->index()
 4 SYSTEMPATH\CodeIgniter.php(507): CodeIgniter\CodeIgniter->runController(Object(App\Controllers\Admin))
 5 SYSTEMPATH\CodeIgniter.php(354): CodeIgniter\CodeIgniter->handleRequest(null, Object(Config\Cache), false)
 6 SYSTEMPATH\Boot.php(334): CodeIgniter\CodeIgniter->run()
 7 SYSTEMPATH\Boot.php(67): CodeIgniter\Boot::runCodeIgniter(Object(CodeIgniter\CodeIgniter))
 8 FCPATH\index.php(56): CodeIgniter\Boot::bootWeb(Object(Config\Paths))
 9 SYSTEMPATH\rewrite.php(44): require_once('C:\\laragon\\www\\serika-projek\\public\\index.php')
CRITICAL - 2025-06-25 07:40:17 --> [Caused by] CodeIgniter\Database\Exceptions\DatabaseException: Expression #1 of SELECT list is not in GROUP BY clause and contains nonaggregated column 'batik.pemesanan_detail.id_detail' which is not functionally dependent on columns in GROUP BY clause; this is incompatible with sql_mode=only_full_group_by
in SYSTEMPATH\Database\MySQLi\Connection.php on line 332.
 1 SYSTEMPATH\Database\BaseConnection.php(738): CodeIgniter\Database\MySQLi\Connection->execute('SELECT *
FROM `pemesanan_detail`
JOIN `pemesanan` ON `pemesanan`.`id_p` = `pemesanan_detail`.`id_p`
WHERE `pemesanan_detail`.`status` NOT IN (\'Selesai\',\'Dibatalkan\')
GROUP BY `pemesanan`.`id_p`')
 2 SYSTEMPATH\Database\BaseConnection.php(652): CodeIgniter\Database\BaseConnection->simpleQuery('SELECT *
FROM `pemesanan_detail`
JOIN `pemesanan` ON `pemesanan`.`id_p` = `pemesanan_detail`.`id_p`
WHERE `pemesanan_detail`.`status` NOT IN (\'Selesai\',\'Dibatalkan\')
GROUP BY `pemesanan`.`id_p`')
 3 SYSTEMPATH\Database\BaseBuilder.php(1649): CodeIgniter\Database\BaseConnection->query('SELECT *
FROM `pemesanan_detail`
JOIN `pemesanan` ON `pemesanan`.`id_p` = `pemesanan_detail`.`id_p`
WHERE `pemesanan_detail`.`status` NOT IN :pemesanan_detail.status:
GROUP BY `pemesanan`.`id_p`', [...], false)
 4 APPPATH\Controllers\Admin.php(28): CodeIgniter\Database\BaseBuilder->get()
 5 SYSTEMPATH\CodeIgniter.php(933): App\Controllers\Admin->index()
 6 SYSTEMPATH\CodeIgniter.php(507): CodeIgniter\CodeIgniter->runController(Object(App\Controllers\Admin))
 7 SYSTEMPATH\CodeIgniter.php(354): CodeIgniter\CodeIgniter->handleRequest(null, Object(Config\Cache), false)
 8 SYSTEMPATH\Boot.php(334): CodeIgniter\CodeIgniter->run()
 9 SYSTEMPATH\Boot.php(67): CodeIgniter\Boot::runCodeIgniter(Object(CodeIgniter\CodeIgniter))
10 FCPATH\index.php(56): CodeIgniter\Boot::bootWeb(Object(Config\Paths))
11 SYSTEMPATH\rewrite.php(44): require_once('C:\\laragon\\www\\serika-projek\\public\\index.php')
CRITICAL - 2025-06-25 07:40:17 --> [Caused by] mysqli_sql_exception: Expression #1 of SELECT list is not in GROUP BY clause and contains nonaggregated column 'batik.pemesanan_detail.id_detail' which is not functionally dependent on columns in GROUP BY clause; this is incompatible with sql_mode=only_full_group_by
in SYSTEMPATH\Database\MySQLi\Connection.php on line 327.
 1 SYSTEMPATH\Database\MySQLi\Connection.php(327): mysqli->query('SELECT *
FROM `pemesanan_detail`
JOIN `pemesanan` ON `pemesanan`.`id_p` = `pemesanan_detail`.`id_p`
WHERE `pemesanan_detail`.`status` NOT IN (\'Selesai\',\'Dibatalkan\')
GROUP BY `pemesanan`.`id_p`', 0)
 2 SYSTEMPATH\Database\BaseConnection.php(738): CodeIgniter\Database\MySQLi\Connection->execute('SELECT *
FROM `pemesanan_detail`
JOIN `pemesanan` ON `pemesanan`.`id_p` = `pemesanan_detail`.`id_p`
WHERE `pemesanan_detail`.`status` NOT IN (\'Selesai\',\'Dibatalkan\')
GROUP BY `pemesanan`.`id_p`')
 3 SYSTEMPATH\Database\BaseConnection.php(652): CodeIgniter\Database\BaseConnection->simpleQuery('SELECT *
FROM `pemesanan_detail`
JOIN `pemesanan` ON `pemesanan`.`id_p` = `pemesanan_detail`.`id_p`
WHERE `pemesanan_detail`.`status` NOT IN (\'Selesai\',\'Dibatalkan\')
GROUP BY `pemesanan`.`id_p`')
 4 SYSTEMPATH\Database\BaseBuilder.php(1649): CodeIgniter\Database\BaseConnection->query('SELECT *
FROM `pemesanan_detail`
JOIN `pemesanan` ON `pemesanan`.`id_p` = `pemesanan_detail`.`id_p`
WHERE `pemesanan_detail`.`status` NOT IN :pemesanan_detail.status:
GROUP BY `pemesanan`.`id_p`', [...], false)
 5 APPPATH\Controllers\Admin.php(28): CodeIgniter\Database\BaseBuilder->get()
 6 SYSTEMPATH\CodeIgniter.php(933): App\Controllers\Admin->index()
 7 SYSTEMPATH\CodeIgniter.php(507): CodeIgniter\CodeIgniter->runController(Object(App\Controllers\Admin))
 8 SYSTEMPATH\CodeIgniter.php(354): CodeIgniter\CodeIgniter->handleRequest(null, Object(Config\Cache), false)
 9 SYSTEMPATH\Boot.php(334): CodeIgniter\CodeIgniter->run()
10 SYSTEMPATH\Boot.php(67): CodeIgniter\Boot::runCodeIgniter(Object(CodeIgniter\CodeIgniter))
11 FCPATH\index.php(56): CodeIgniter\Boot::bootWeb(Object(Config\Paths))
12 SYSTEMPATH\rewrite.php(44): require_once('C:\\laragon\\www\\serika-projek\\public\\index.php')
DEBUG - 2025-06-25 07:41:22 --> Session: Class initialized using 'CodeIgniter\Session\Handlers\FileHandler' driver.
DEBUG - 2025-06-25 07:41:26 --> Session: Class initialized using 'CodeIgniter\Session\Handlers\FileHandler' driver.
ERROR - 2025-06-25 07:41:26 --> mysqli_sql_exception: Expression #1 of SELECT list is not in GROUP BY clause and contains nonaggregated column 'batik.pemesanan_detail.id_detail' which is not functionally dependent on columns in GROUP BY clause; this is incompatible with sql_mode=only_full_group_by in C:\laragon\www\serika-projek\vendor\codeigniter4\framework\system\Database\MySQLi\Connection.php:327
Stack trace:
#0 C:\laragon\www\serika-projek\vendor\codeigniter4\framework\system\Database\MySQLi\Connection.php(327): mysqli->query('SELECT *\nFROM `...', 0)
#1 C:\laragon\www\serika-projek\vendor\codeigniter4\framework\system\Database\BaseConnection.php(738): CodeIgniter\Database\MySQLi\Connection->execute('SELECT *\nFROM `...')
#2 C:\laragon\www\serika-projek\vendor\codeigniter4\framework\system\Database\BaseConnection.php(652): CodeIgniter\Database\BaseConnection->simpleQuery('SELECT *\nFROM `...')
#3 C:\laragon\www\serika-projek\vendor\codeigniter4\framework\system\Database\BaseBuilder.php(1649): CodeIgniter\Database\BaseConnection->query('SELECT *\nFROM `...', Array, false)
#4 C:\laragon\www\serika-projek\app\Controllers\Admin.php(28): CodeIgniter\Database\BaseBuilder->get()
#5 C:\laragon\www\serika-projek\vendor\codeigniter4\framework\system\CodeIgniter.php(933): App\Controllers\Admin->index()
#6 C:\laragon\www\serika-projek\vendor\codeigniter4\framework\system\CodeIgniter.php(507): CodeIgniter\CodeIgniter->runController(Object(App\Controllers\Admin))
#7 C:\laragon\www\serika-projek\vendor\codeigniter4\framework\system\CodeIgniter.php(354): CodeIgniter\CodeIgniter->handleRequest(NULL, Object(Config\Cache), false)
#8 C:\laragon\www\serika-projek\vendor\codeigniter4\framework\system\Boot.php(334): CodeIgniter\CodeIgniter->run()
#9 C:\laragon\www\serika-projek\vendor\codeigniter4\framework\system\Boot.php(67): CodeIgniter\Boot::runCodeIgniter(Object(CodeIgniter\CodeIgniter))
#10 C:\laragon\www\serika-projek\public\index.php(56): CodeIgniter\Boot::bootWeb(Object(Config\Paths))
#11 C:\laragon\www\serika-projek\vendor\codeigniter4\framework\system\rewrite.php(44): require_once('C:\\laragon\\www\\...')
#12 {main}
CRITICAL - 2025-06-25 07:41:26 --> CodeIgniter\Database\Exceptions\DatabaseException: Expression #1 of SELECT list is not in GROUP BY clause and contains nonaggregated column 'batik.pemesanan_detail.id_detail' which is not functionally dependent on columns in GROUP BY clause; this is incompatible with sql_mode=only_full_group_by
[Method: GET, Route: admin]
in SYSTEMPATH\Database\BaseConnection.php on line 692.
 1 SYSTEMPATH\Database\BaseBuilder.php(1649): CodeIgniter\Database\BaseConnection->query('SELECT *
FROM `pemesanan_detail`
JOIN `pemesanan` ON `pemesanan`.`id_p` = `pemesanan_detail`.`id_p`
WHERE `pemesanan_detail`.`status` NOT IN :pemesanan_detail.status:
GROUP BY `pemesanan`.`id_p`', [...], false)
 2 APPPATH\Controllers\Admin.php(28): CodeIgniter\Database\BaseBuilder->get()
 3 SYSTEMPATH\CodeIgniter.php(933): App\Controllers\Admin->index()
 4 SYSTEMPATH\CodeIgniter.php(507): CodeIgniter\CodeIgniter->runController(Object(App\Controllers\Admin))
 5 SYSTEMPATH\CodeIgniter.php(354): CodeIgniter\CodeIgniter->handleRequest(null, Object(Config\Cache), false)
 6 SYSTEMPATH\Boot.php(334): CodeIgniter\CodeIgniter->run()
 7 SYSTEMPATH\Boot.php(67): CodeIgniter\Boot::runCodeIgniter(Object(CodeIgniter\CodeIgniter))
 8 FCPATH\index.php(56): CodeIgniter\Boot::bootWeb(Object(Config\Paths))
 9 SYSTEMPATH\rewrite.php(44): require_once('C:\\laragon\\www\\serika-projek\\public\\index.php')
CRITICAL - 2025-06-25 07:41:26 --> [Caused by] CodeIgniter\Database\Exceptions\DatabaseException: Expression #1 of SELECT list is not in GROUP BY clause and contains nonaggregated column 'batik.pemesanan_detail.id_detail' which is not functionally dependent on columns in GROUP BY clause; this is incompatible with sql_mode=only_full_group_by
in SYSTEMPATH\Database\MySQLi\Connection.php on line 332.
 1 SYSTEMPATH\Database\BaseConnection.php(738): CodeIgniter\Database\MySQLi\Connection->execute('SELECT *
FROM `pemesanan_detail`
JOIN `pemesanan` ON `pemesanan`.`id_p` = `pemesanan_detail`.`id_p`
WHERE `pemesanan_detail`.`status` NOT IN (\'Selesai\',\'Dibatalkan\')
GROUP BY `pemesanan`.`id_p`')
 2 SYSTEMPATH\Database\BaseConnection.php(652): CodeIgniter\Database\BaseConnection->simpleQuery('SELECT *
FROM `pemesanan_detail`
JOIN `pemesanan` ON `pemesanan`.`id_p` = `pemesanan_detail`.`id_p`
WHERE `pemesanan_detail`.`status` NOT IN (\'Selesai\',\'Dibatalkan\')
GROUP BY `pemesanan`.`id_p`')
 3 SYSTEMPATH\Database\BaseBuilder.php(1649): CodeIgniter\Database\BaseConnection->query('SELECT *
FROM `pemesanan_detail`
JOIN `pemesanan` ON `pemesanan`.`id_p` = `pemesanan_detail`.`id_p`
WHERE `pemesanan_detail`.`status` NOT IN :pemesanan_detail.status:
GROUP BY `pemesanan`.`id_p`', [...], false)
 4 APPPATH\Controllers\Admin.php(28): CodeIgniter\Database\BaseBuilder->get()
 5 SYSTEMPATH\CodeIgniter.php(933): App\Controllers\Admin->index()
 6 SYSTEMPATH\CodeIgniter.php(507): CodeIgniter\CodeIgniter->runController(Object(App\Controllers\Admin))
 7 SYSTEMPATH\CodeIgniter.php(354): CodeIgniter\CodeIgniter->handleRequest(null, Object(Config\Cache), false)
 8 SYSTEMPATH\Boot.php(334): CodeIgniter\CodeIgniter->run()
 9 SYSTEMPATH\Boot.php(67): CodeIgniter\Boot::runCodeIgniter(Object(CodeIgniter\CodeIgniter))
10 FCPATH\index.php(56): CodeIgniter\Boot::bootWeb(Object(Config\Paths))
11 SYSTEMPATH\rewrite.php(44): require_once('C:\\laragon\\www\\serika-projek\\public\\index.php')
CRITICAL - 2025-06-25 07:41:26 --> [Caused by] mysqli_sql_exception: Expression #1 of SELECT list is not in GROUP BY clause and contains nonaggregated column 'batik.pemesanan_detail.id_detail' which is not functionally dependent on columns in GROUP BY clause; this is incompatible with sql_mode=only_full_group_by
in SYSTEMPATH\Database\MySQLi\Connection.php on line 327.
 1 SYSTEMPATH\Database\MySQLi\Connection.php(327): mysqli->query('SELECT *
FROM `pemesanan_detail`
JOIN `pemesanan` ON `pemesanan`.`id_p` = `pemesanan_detail`.`id_p`
WHERE `pemesanan_detail`.`status` NOT IN (\'Selesai\',\'Dibatalkan\')
GROUP BY `pemesanan`.`id_p`', 0)
 2 SYSTEMPATH\Database\BaseConnection.php(738): CodeIgniter\Database\MySQLi\Connection->execute('SELECT *
FROM `pemesanan_detail`
JOIN `pemesanan` ON `pemesanan`.`id_p` = `pemesanan_detail`.`id_p`
WHERE `pemesanan_detail`.`status` NOT IN (\'Selesai\',\'Dibatalkan\')
GROUP BY `pemesanan`.`id_p`')
 3 SYSTEMPATH\Database\BaseConnection.php(652): CodeIgniter\Database\BaseConnection->simpleQuery('SELECT *
FROM `pemesanan_detail`
JOIN `pemesanan` ON `pemesanan`.`id_p` = `pemesanan_detail`.`id_p`
WHERE `pemesanan_detail`.`status` NOT IN (\'Selesai\',\'Dibatalkan\')
GROUP BY `pemesanan`.`id_p`')
 4 SYSTEMPATH\Database\BaseBuilder.php(1649): CodeIgniter\Database\BaseConnection->query('SELECT *
FROM `pemesanan_detail`
JOIN `pemesanan` ON `pemesanan`.`id_p` = `pemesanan_detail`.`id_p`
WHERE `pemesanan_detail`.`status` NOT IN :pemesanan_detail.status:
GROUP BY `pemesanan`.`id_p`', [...], false)
 5 APPPATH\Controllers\Admin.php(28): CodeIgniter\Database\BaseBuilder->get()
 6 SYSTEMPATH\CodeIgniter.php(933): App\Controllers\Admin->index()
 7 SYSTEMPATH\CodeIgniter.php(507): CodeIgniter\CodeIgniter->runController(Object(App\Controllers\Admin))
 8 SYSTEMPATH\CodeIgniter.php(354): CodeIgniter\CodeIgniter->handleRequest(null, Object(Config\Cache), false)
 9 SYSTEMPATH\Boot.php(334): CodeIgniter\CodeIgniter->run()
10 SYSTEMPATH\Boot.php(67): CodeIgniter\Boot::runCodeIgniter(Object(CodeIgniter\CodeIgniter))
11 FCPATH\index.php(56): CodeIgniter\Boot::bootWeb(Object(Config\Paths))
12 SYSTEMPATH\rewrite.php(44): require_once('C:\\laragon\\www\\serika-projek\\public\\index.php')
DEBUG - 2025-06-25 07:49:49 --> Session: Class initialized using 'CodeIgniter\Session\Handlers\FileHandler' driver.
DEBUG - 2025-06-25 07:49:57 --> Session: Class initialized using 'CodeIgniter\Session\Handlers\FileHandler' driver.
DEBUG - 2025-06-25 07:50:01 --> Session: Class initialized using 'CodeIgniter\Session\Handlers\FileHandler' driver.
DEBUG - 2025-06-25 07:53:03 --> Session: Class initialized using 'CodeIgniter\Session\Handlers\FileHandler' driver.
DEBUG - 2025-06-25 07:53:20 --> Session: Class initialized using 'CodeIgniter\Session\Handlers\FileHandler' driver.
DEBUG - 2025-06-25 07:53:34 --> Session: Class initialized using 'CodeIgniter\Session\Handlers\FileHandler' driver.
DEBUG - 2025-06-25 07:54:36 --> Session: Class initialized using 'CodeIgniter\Session\Handlers\FileHandler' driver.
DEBUG - 2025-06-25 07:54:36 --> Session: Class initialized using 'CodeIgniter\Session\Handlers\FileHandler' driver.
DEBUG - 2025-06-25 07:54:39 --> Session: Class initialized using 'CodeIgniter\Session\Handlers\FileHandler' driver.
DEBUG - 2025-06-25 07:54:39 --> Session: Class initialized using 'CodeIgniter\Session\Handlers\FileHandler' driver.
DEBUG - 2025-06-25 07:54:43 --> Session: Class initialized using 'CodeIgniter\Session\Handlers\FileHandler' driver.
DEBUG - 2025-06-25 07:54:43 --> Session: Class initialized using 'CodeIgniter\Session\Handlers\FileHandler' driver.
DEBUG - 2025-06-25 07:55:01 --> Session: Class initialized using 'CodeIgniter\Session\Handlers\FileHandler' driver.
DEBUG - 2025-06-25 07:55:01 --> Session: Class initialized using 'CodeIgniter\Session\Handlers\FileHandler' driver.
DEBUG - 2025-06-25 07:55:12 --> Session: Class initialized using 'CodeIgniter\Session\Handlers\FileHandler' driver.
DEBUG - 2025-06-25 07:55:12 --> Session: Class initialized using 'CodeIgniter\Session\Handlers\FileHandler' driver.
DEBUG - 2025-06-25 07:55:17 --> Session: Class initialized using 'CodeIgniter\Session\Handlers\FileHandler' driver.
DEBUG - 2025-06-25 07:55:17 --> Session: Class initialized using 'CodeIgniter\Session\Handlers\FileHandler' driver.
DEBUG - 2025-06-25 07:55:31 --> Session: Class initialized using 'CodeIgniter\Session\Handlers\FileHandler' driver.
DEBUG - 2025-06-25 07:55:31 --> Session: Class initialized using 'CodeIgniter\Session\Handlers\FileHandler' driver.
DEBUG - 2025-06-25 07:55:47 --> Session: Class initialized using 'CodeIgniter\Session\Handlers\FileHandler' driver.
DEBUG - 2025-06-25 07:55:49 --> Session: Class initialized using 'CodeIgniter\Session\Handlers\FileHandler' driver.
DEBUG - 2025-06-25 07:56:07 --> Session: Class initialized using 'CodeIgniter\Session\Handlers\FileHandler' driver.
DEBUG - 2025-06-25 07:56:11 --> Session: Class initialized using 'CodeIgniter\Session\Handlers\FileHandler' driver.
DEBUG - 2025-06-25 07:56:12 --> Session: Class initialized using 'CodeIgniter\Session\Handlers\FileHandler' driver.
DEBUG - 2025-06-25 07:56:13 --> Session: Class initialized using 'CodeIgniter\Session\Handlers\FileHandler' driver.
DEBUG - 2025-06-25 07:56:16 --> Session: Class initialized using 'CodeIgniter\Session\Handlers\FileHandler' driver.
DEBUG - 2025-06-25 07:56:16 --> Session: Class initialized using 'CodeIgniter\Session\Handlers\FileHandler' driver.
DEBUG - 2025-06-25 07:56:20 --> Session: Class initialized using 'CodeIgniter\Session\Handlers\FileHandler' driver.
DEBUG - 2025-06-25 07:56:20 --> Session: Class initialized using 'CodeIgniter\Session\Handlers\FileHandler' driver.
DEBUG - 2025-06-25 07:56:26 --> Session: Class initialized using 'CodeIgniter\Session\Handlers\FileHandler' driver.
DEBUG - 2025-06-25 07:56:30 --> Session: Class initialized using 'CodeIgniter\Session\Handlers\FileHandler' driver.
DEBUG - 2025-06-25 07:56:32 --> Session: Class initialized using 'CodeIgniter\Session\Handlers\FileHandler' driver.
DEBUG - 2025-06-25 07:56:36 --> Session: Class initialized using 'CodeIgniter\Session\Handlers\FileHandler' driver.
DEBUG - 2025-06-25 07:57:38 --> Session: Class initialized using 'CodeIgniter\Session\Handlers\FileHandler' driver.
DEBUG - 2025-06-25 07:57:39 --> Session: Class initialized using 'CodeIgniter\Session\Handlers\FileHandler' driver.
DEBUG - 2025-06-25 07:57:43 --> Session: Class initialized using 'CodeIgniter\Session\Handlers\FileHandler' driver.
DEBUG - 2025-06-25 07:57:43 --> Session: Class initialized using 'CodeIgniter\Session\Handlers\FileHandler' driver.
DEBUG - 2025-06-25 07:57:52 --> Session: Class initialized using 'CodeIgniter\Session\Handlers\FileHandler' driver.
DEBUG - 2025-06-25 07:57:52 --> Session: Class initialized using 'CodeIgniter\Session\Handlers\FileHandler' driver.
DEBUG - 2025-06-25 07:58:11 --> Session: Class initialized using 'CodeIgniter\Session\Handlers\FileHandler' driver.
DEBUG - 2025-06-25 07:59:47 --> Session: Class initialized using 'CodeIgniter\Session\Handlers\FileHandler' driver.
DEBUG - 2025-06-25 07:59:47 --> Session: Class initialized using 'CodeIgniter\Session\Handlers\FileHandler' driver.
DEBUG - 2025-06-25 07:59:56 --> Session: Class initialized using 'CodeIgniter\Session\Handlers\FileHandler' driver.
DEBUG - 2025-06-25 07:59:56 --> Session: Class initialized using 'CodeIgniter\Session\Handlers\FileHandler' driver.
DEBUG - 2025-06-25 08:00:00 --> Session: Class initialized using 'CodeIgniter\Session\Handlers\FileHandler' driver.
DEBUG - 2025-06-25 08:00:00 --> Session: Class initialized using 'CodeIgniter\Session\Handlers\FileHandler' driver.
DEBUG - 2025-06-25 08:00:06 --> Session: Class initialized using 'CodeIgniter\Session\Handlers\FileHandler' driver.
ERROR - 2025-06-25 08:00:11 --> mysqli_sql_exception: You have an error in your SQL syntax; check the manual that corresponds to your MySQL server version for the right syntax to use near 'GROUP_CONCAT(CONCAT(
                     pemesanan_detail.jenis, " - ", `pemes' at line 2 in C:\laragon\www\serika-projek\vendor\codeigniter4\framework\system\Database\MySQLi\Connection.php:327
Stack trace:
#0 C:\laragon\www\serika-projek\vendor\codeigniter4\framework\system\Database\MySQLi\Connection.php(327): mysqli->query('SELECT `pemesan...', 0)
#1 C:\laragon\www\serika-projek\vendor\codeigniter4\framework\system\Database\BaseConnection.php(738): CodeIgniter\Database\MySQLi\Connection->execute('SELECT `pemesan...')
#2 C:\laragon\www\serika-projek\vendor\codeigniter4\framework\system\Database\BaseConnection.php(652): CodeIgniter\Database\BaseConnection->simpleQuery('SELECT `pemesan...')
#3 C:\laragon\www\serika-projek\vendor\codeigniter4\framework\system\Database\BaseBuilder.php(1649): CodeIgniter\Database\BaseConnection->query('SELECT `pemesan...', Array, false)
#4 C:\laragon\www\serika-projek\app\Controllers\Transaksi.php(43): CodeIgniter\Database\BaseBuilder->get()
#5 C:\laragon\www\serika-projek\vendor\codeigniter4\framework\system\CodeIgniter.php(933): App\Controllers\Transaksi->dataTransaksi()
#6 C:\laragon\www\serika-projek\vendor\codeigniter4\framework\system\CodeIgniter.php(507): CodeIgniter\CodeIgniter->runController(Object(App\Controllers\Transaksi))
#7 C:\laragon\www\serika-projek\vendor\codeigniter4\framework\system\CodeIgniter.php(354): CodeIgniter\CodeIgniter->handleRequest(NULL, Object(Config\Cache), false)
#8 C:\laragon\www\serika-projek\vendor\codeigniter4\framework\system\Boot.php(334): CodeIgniter\CodeIgniter->run()
#9 C:\laragon\www\serika-projek\vendor\codeigniter4\framework\system\Boot.php(67): CodeIgniter\Boot::runCodeIgniter(Object(CodeIgniter\CodeIgniter))
#10 C:\laragon\www\serika-projek\public\index.php(56): CodeIgniter\Boot::bootWeb(Object(Config\Paths))
#11 C:\laragon\www\serika-projek\vendor\codeigniter4\framework\system\rewrite.php(44): require_once('C:\\laragon\\www\\...')
#12 {main}
CRITICAL - 2025-06-25 08:00:11 --> CodeIgniter\Database\Exceptions\DatabaseException: You have an error in your SQL syntax; check the manual that corresponds to your MySQL server version for the right syntax to use near 'GROUP_CONCAT(CONCAT(
                     pemesanan_detail.jenis, " - ", `pemes' at line 2
[Method: GET, Route: admin/dataTransaksi]
in SYSTEMPATH\Database\BaseConnection.php on line 692.
 1 SYSTEMPATH\Database\BaseBuilder.php(1649): CodeIgniter\Database\BaseConnection->query('SELECT `pemesanan`.`id_p`, `pemesanan`.`id_u`, `pemesanan`.`nama`, `pemesanan`.`tanggal_pemesanan`, `pemesanan_detail`.`status`, SUM(pemesanan_detail.harga) as total_harga
                 GROUP_CONCAT(CONCAT(
                     pemesanan_detail.jenis, " - ", `pemesanan_detail`.`model`, " - ", `pemesanan_detail`.`ukuran`, " - ", `pemesanan_detail`.`lengan`, " - Jumlah: ", `pemesanan_detail`.`jumlah`, " - Rp ", pemesanan_detail.harga
                 ) SEPARATOR "|") AS detail_items
FROM `pemesanan_detail`
JOIN `pemesanan` ON `pemesanan`.`id_p` = `pemesanan_detail`.`id_p`
WHERE `pemesanan_detail`.`status` NOT IN :pemesanan_detail.status:
GROUP BY `pemesanan`.`id_p`
ORDER BY `pemesanan`.`id_p` DESC', [...], false)
 2 APPPATH\Controllers\Transaksi.php(43): CodeIgniter\Database\BaseBuilder->get()
 3 SYSTEMPATH\CodeIgniter.php(933): App\Controllers\Transaksi->dataTransaksi()
 4 SYSTEMPATH\CodeIgniter.php(507): CodeIgniter\CodeIgniter->runController(Object(App\Controllers\Transaksi))
 5 SYSTEMPATH\CodeIgniter.php(354): CodeIgniter\CodeIgniter->handleRequest(null, Object(Config\Cache), false)
 6 SYSTEMPATH\Boot.php(334): CodeIgniter\CodeIgniter->run()
 7 SYSTEMPATH\Boot.php(67): CodeIgniter\Boot::runCodeIgniter(Object(CodeIgniter\CodeIgniter))
 8 FCPATH\index.php(56): CodeIgniter\Boot::bootWeb(Object(Config\Paths))
 9 SYSTEMPATH\rewrite.php(44): require_once('C:\\laragon\\www\\serika-projek\\public\\index.php')
CRITICAL - 2025-06-25 08:00:11 --> [Caused by] CodeIgniter\Database\Exceptions\DatabaseException: You have an error in your SQL syntax; check the manual that corresponds to your MySQL server version for the right syntax to use near 'GROUP_CONCAT(CONCAT(
                     pemesanan_detail.jenis, " - ", `pemes' at line 2
in SYSTEMPATH\Database\MySQLi\Connection.php on line 332.
 1 SYSTEMPATH\Database\BaseConnection.php(738): CodeIgniter\Database\MySQLi\Connection->execute('SELECT `pemesanan`.`id_p`, `pemesanan`.`id_u`, `pemesanan`.`nama`, `pemesanan`.`tanggal_pemesanan`, `pemesanan_detail`.`status`, SUM(pemesanan_detail.harga) as total_harga
                 GROUP_CONCAT(CONCAT(
                     pemesanan_detail.jenis, " - ", `pemesanan_detail`.`model`, " - ", `pemesanan_detail`.`ukuran`, " - ", `pemesanan_detail`.`lengan`, " - Jumlah: ", `pemesanan_detail`.`jumlah`, " - Rp ", pemesanan_detail.harga
                 ) SEPARATOR "|") AS detail_items
FROM `pemesanan_detail`
JOIN `pemesanan` ON `pemesanan`.`id_p` = `pemesanan_detail`.`id_p`
WHERE `pemesanan_detail`.`status` NOT IN (\'Selesai\',\'Dibatalkan\')
GROUP BY `pemesanan`.`id_p`
ORDER BY `pemesanan`.`id_p` DESC')
 2 SYSTEMPATH\Database\BaseConnection.php(652): CodeIgniter\Database\BaseConnection->simpleQuery('SELECT `pemesanan`.`id_p`, `pemesanan`.`id_u`, `pemesanan`.`nama`, `pemesanan`.`tanggal_pemesanan`, `pemesanan_detail`.`status`, SUM(pemesanan_detail.harga) as total_harga
                 GROUP_CONCAT(CONCAT(
                     pemesanan_detail.jenis, " - ", `pemesanan_detail`.`model`, " - ", `pemesanan_detail`.`ukuran`, " - ", `pemesanan_detail`.`lengan`, " - Jumlah: ", `pemesanan_detail`.`jumlah`, " - Rp ", pemesanan_detail.harga
                 ) SEPARATOR "|") AS detail_items
FROM `pemesanan_detail`
JOIN `pemesanan` ON `pemesanan`.`id_p` = `pemesanan_detail`.`id_p`
WHERE `pemesanan_detail`.`status` NOT IN (\'Selesai\',\'Dibatalkan\')
GROUP BY `pemesanan`.`id_p`
ORDER BY `pemesanan`.`id_p` DESC')
 3 SYSTEMPATH\Database\BaseBuilder.php(1649): CodeIgniter\Database\BaseConnection->query('SELECT `pemesanan`.`id_p`, `pemesanan`.`id_u`, `pemesanan`.`nama`, `pemesanan`.`tanggal_pemesanan`, `pemesanan_detail`.`status`, SUM(pemesanan_detail.harga) as total_harga
                 GROUP_CONCAT(CONCAT(
                     pemesanan_detail.jenis, " - ", `pemesanan_detail`.`model`, " - ", `pemesanan_detail`.`ukuran`, " - ", `pemesanan_detail`.`lengan`, " - Jumlah: ", `pemesanan_detail`.`jumlah`, " - Rp ", pemesanan_detail.harga
                 ) SEPARATOR "|") AS detail_items
FROM `pemesanan_detail`
JOIN `pemesanan` ON `pemesanan`.`id_p` = `pemesanan_detail`.`id_p`
WHERE `pemesanan_detail`.`status` NOT IN :pemesanan_detail.status:
GROUP BY `pemesanan`.`id_p`
ORDER BY `pemesanan`.`id_p` DESC', [...], false)
 4 APPPATH\Controllers\Transaksi.php(43): CodeIgniter\Database\BaseBuilder->get()
 5 SYSTEMPATH\CodeIgniter.php(933): App\Controllers\Transaksi->dataTransaksi()
 6 SYSTEMPATH\CodeIgniter.php(507): CodeIgniter\CodeIgniter->runController(Object(App\Controllers\Transaksi))
 7 SYSTEMPATH\CodeIgniter.php(354): CodeIgniter\CodeIgniter->handleRequest(null, Object(Config\Cache), false)
 8 SYSTEMPATH\Boot.php(334): CodeIgniter\CodeIgniter->run()
 9 SYSTEMPATH\Boot.php(67): CodeIgniter\Boot::runCodeIgniter(Object(CodeIgniter\CodeIgniter))
10 FCPATH\index.php(56): CodeIgniter\Boot::bootWeb(Object(Config\Paths))
11 SYSTEMPATH\rewrite.php(44): require_once('C:\\laragon\\www\\serika-projek\\public\\index.php')
CRITICAL - 2025-06-25 08:00:11 --> [Caused by] mysqli_sql_exception: You have an error in your SQL syntax; check the manual that corresponds to your MySQL server version for the right syntax to use near 'GROUP_CONCAT(CONCAT(
                     pemesanan_detail.jenis, " - ", `pemes' at line 2
in SYSTEMPATH\Database\MySQLi\Connection.php on line 327.
 1 SYSTEMPATH\Database\MySQLi\Connection.php(327): mysqli->query('SELECT `pemesanan`.`id_p`, `pemesanan`.`id_u`, `pemesanan`.`nama`, `pemesanan`.`tanggal_pemesanan`, `pemesanan_detail`.`status`, SUM(pemesanan_detail.harga) as total_harga
                 GROUP_CONCAT(CONCAT(
                     pemesanan_detail.jenis, " - ", `pemesanan_detail`.`model`, " - ", `pemesanan_detail`.`ukuran`, " - ", `pemesanan_detail`.`lengan`, " - Jumlah: ", `pemesanan_detail`.`jumlah`, " - Rp ", pemesanan_detail.harga
                 ) SEPARATOR "|") AS detail_items
FROM `pemesanan_detail`
JOIN `pemesanan` ON `pemesanan`.`id_p` = `pemesanan_detail`.`id_p`
WHERE `pemesanan_detail`.`status` NOT IN (\'Selesai\',\'Dibatalkan\')
GROUP BY `pemesanan`.`id_p`
ORDER BY `pemesanan`.`id_p` DESC', 0)
 2 SYSTEMPATH\Database\BaseConnection.php(738): CodeIgniter\Database\MySQLi\Connection->execute('SELECT `pemesanan`.`id_p`, `pemesanan`.`id_u`, `pemesanan`.`nama`, `pemesanan`.`tanggal_pemesanan`, `pemesanan_detail`.`status`, SUM(pemesanan_detail.harga) as total_harga
                 GROUP_CONCAT(CONCAT(
                     pemesanan_detail.jenis, " - ", `pemesanan_detail`.`model`, " - ", `pemesanan_detail`.`ukuran`, " - ", `pemesanan_detail`.`lengan`, " - Jumlah: ", `pemesanan_detail`.`jumlah`, " - Rp ", pemesanan_detail.harga
                 ) SEPARATOR "|") AS detail_items
FROM `pemesanan_detail`
JOIN `pemesanan` ON `pemesanan`.`id_p` = `pemesanan_detail`.`id_p`
WHERE `pemesanan_detail`.`status` NOT IN (\'Selesai\',\'Dibatalkan\')
GROUP BY `pemesanan`.`id_p`
ORDER BY `pemesanan`.`id_p` DESC')
 3 SYSTEMPATH\Database\BaseConnection.php(652): CodeIgniter\Database\BaseConnection->simpleQuery('SELECT `pemesanan`.`id_p`, `pemesanan`.`id_u`, `pemesanan`.`nama`, `pemesanan`.`tanggal_pemesanan`, `pemesanan_detail`.`status`, SUM(pemesanan_detail.harga) as total_harga
                 GROUP_CONCAT(CONCAT(
                     pemesanan_detail.jenis, " - ", `pemesanan_detail`.`model`, " - ", `pemesanan_detail`.`ukuran`, " - ", `pemesanan_detail`.`lengan`, " - Jumlah: ", `pemesanan_detail`.`jumlah`, " - Rp ", pemesanan_detail.harga
                 ) SEPARATOR "|") AS detail_items
FROM `pemesanan_detail`
JOIN `pemesanan` ON `pemesanan`.`id_p` = `pemesanan_detail`.`id_p`
WHERE `pemesanan_detail`.`status` NOT IN (\'Selesai\',\'Dibatalkan\')
GROUP BY `pemesanan`.`id_p`
ORDER BY `pemesanan`.`id_p` DESC')
 4 SYSTEMPATH\Database\BaseBuilder.php(1649): CodeIgniter\Database\BaseConnection->query('SELECT `pemesanan`.`id_p`, `pemesanan`.`id_u`, `pemesanan`.`nama`, `pemesanan`.`tanggal_pemesanan`, `pemesanan_detail`.`status`, SUM(pemesanan_detail.harga) as total_harga
                 GROUP_CONCAT(CONCAT(
                     pemesanan_detail.jenis, " - ", `pemesanan_detail`.`model`, " - ", `pemesanan_detail`.`ukuran`, " - ", `pemesanan_detail`.`lengan`, " - Jumlah: ", `pemesanan_detail`.`jumlah`, " - Rp ", pemesanan_detail.harga
                 ) SEPARATOR "|") AS detail_items
FROM `pemesanan_detail`
JOIN `pemesanan` ON `pemesanan`.`id_p` = `pemesanan_detail`.`id_p`
WHERE `pemesanan_detail`.`status` NOT IN :pemesanan_detail.status:
GROUP BY `pemesanan`.`id_p`
ORDER BY `pemesanan`.`id_p` DESC', [...], false)
 5 APPPATH\Controllers\Transaksi.php(43): CodeIgniter\Database\BaseBuilder->get()
 6 SYSTEMPATH\CodeIgniter.php(933): App\Controllers\Transaksi->dataTransaksi()
 7 SYSTEMPATH\CodeIgniter.php(507): CodeIgniter\CodeIgniter->runController(Object(App\Controllers\Transaksi))
 8 SYSTEMPATH\CodeIgniter.php(354): CodeIgniter\CodeIgniter->handleRequest(null, Object(Config\Cache), false)
 9 SYSTEMPATH\Boot.php(334): CodeIgniter\CodeIgniter->run()
10 SYSTEMPATH\Boot.php(67): CodeIgniter\Boot::runCodeIgniter(Object(CodeIgniter\CodeIgniter))
11 FCPATH\index.php(56): CodeIgniter\Boot::bootWeb(Object(Config\Paths))
12 SYSTEMPATH\rewrite.php(44): require_once('C:\\laragon\\www\\serika-projek\\public\\index.php')
DEBUG - 2025-06-25 08:00:20 --> Session: Class initialized using 'CodeIgniter\Session\Handlers\FileHandler' driver.
DEBUG - 2025-06-25 08:00:49 --> Session: Class initialized using 'CodeIgniter\Session\Handlers\FileHandler' driver.
DEBUG - 2025-06-25 08:00:52 --> Session: Class initialized using 'CodeIgniter\Session\Handlers\FileHandler' driver.
DEBUG - 2025-06-25 08:00:56 --> Session: Class initialized using 'CodeIgniter\Session\Handlers\FileHandler' driver.
DEBUG - 2025-06-25 08:01:00 --> Session: Class initialized using 'CodeIgniter\Session\Handlers\FileHandler' driver.
DEBUG - 2025-06-25 08:01:24 --> Session: Class initialized using 'CodeIgniter\Session\Handlers\FileHandler' driver.
DEBUG - 2025-06-25 08:01:28 --> Session: Class initialized using 'CodeIgniter\Session\Handlers\FileHandler' driver.
DEBUG - 2025-06-25 08:02:42 --> Session: Class initialized using 'CodeIgniter\Session\Handlers\FileHandler' driver.
DEBUG - 2025-06-25 08:02:59 --> Session: Class initialized using 'CodeIgniter\Session\Handlers\FileHandler' driver.
DEBUG - 2025-06-25 08:03:04 --> Session: Class initialized using 'CodeIgniter\Session\Handlers\FileHandler' driver.
DEBUG - 2025-06-25 08:03:07 --> Session: Class initialized using 'CodeIgniter\Session\Handlers\FileHandler' driver.
DEBUG - 2025-06-25 08:03:07 --> Session: Class initialized using 'CodeIgniter\Session\Handlers\FileHandler' driver.
DEBUG - 2025-06-25 08:03:10 --> Session: Class initialized using 'CodeIgniter\Session\Handlers\FileHandler' driver.
DEBUG - 2025-06-25 08:04:39 --> Session: Class initialized using 'CodeIgniter\Session\Handlers\FileHandler' driver.
DEBUG - 2025-06-25 08:05:03 --> Session: Class initialized using 'CodeIgniter\Session\Handlers\FileHandler' driver.
DEBUG - 2025-06-25 08:06:33 --> Session: Class initialized using 'CodeIgniter\Session\Handlers\FileHandler' driver.
DEBUG - 2025-06-25 08:07:07 --> Session: Class initialized using 'CodeIgniter\Session\Handlers\FileHandler' driver.
DEBUG - 2025-06-25 08:07:42 --> Session: Class initialized using 'CodeIgniter\Session\Handlers\FileHandler' driver.
DEBUG - 2025-06-25 08:07:45 --> Session: Class initialized using 'CodeIgniter\Session\Handlers\FileHandler' driver.
DEBUG - 2025-06-25 08:08:14 --> Session: Class initialized using 'CodeIgniter\Session\Handlers\FileHandler' driver.
DEBUG - 2025-06-25 08:08:21 --> Session: Class initialized using 'CodeIgniter\Session\Handlers\FileHandler' driver.
DEBUG - 2025-06-25 08:08:31 --> Session: Class initialized using 'CodeIgniter\Session\Handlers\FileHandler' driver.
DEBUG - 2025-06-25 08:08:41 --> Session: Class initialized using 'CodeIgniter\Session\Handlers\FileHandler' driver.
DEBUG - 2025-06-25 08:08:51 --> Session: Class initialized using 'CodeIgniter\Session\Handlers\FileHandler' driver.
DEBUG - 2025-06-25 08:08:56 --> Session: Class initialized using 'CodeIgniter\Session\Handlers\FileHandler' driver.
DEBUG - 2025-06-25 08:09:02 --> Session: Class initialized using 'CodeIgniter\Session\Handlers\FileHandler' driver.
DEBUG - 2025-06-25 08:09:15 --> Session: Class initialized using 'CodeIgniter\Session\Handlers\FileHandler' driver.
DEBUG - 2025-06-25 08:09:24 --> Session: Class initialized using 'CodeIgniter\Session\Handlers\FileHandler' driver.
DEBUG - 2025-06-25 08:09:29 --> Session: Class initialized using 'CodeIgniter\Session\Handlers\FileHandler' driver.
DEBUG - 2025-06-25 08:09:34 --> Session: Class initialized using 'CodeIgniter\Session\Handlers\FileHandler' driver.
DEBUG - 2025-06-25 08:09:37 --> Session: Class initialized using 'CodeIgniter\Session\Handlers\FileHandler' driver.
DEBUG - 2025-06-25 08:09:42 --> Session: Class initialized using 'CodeIgniter\Session\Handlers\FileHandler' driver.
DEBUG - 2025-06-25 08:09:54 --> Session: Class initialized using 'CodeIgniter\Session\Handlers\FileHandler' driver.
DEBUG - 2025-06-25 08:12:20 --> Session: Class initialized using 'CodeIgniter\Session\Handlers\FileHandler' driver.
DEBUG - 2025-06-25 08:12:39 --> Session: Class initialized using 'CodeIgniter\Session\Handlers\FileHandler' driver.
DEBUG - 2025-06-25 08:12:42 --> Session: Class initialized using 'CodeIgniter\Session\Handlers\FileHandler' driver.
DEBUG - 2025-06-25 08:12:55 --> Session: Class initialized using 'CodeIgniter\Session\Handlers\FileHandler' driver.
DEBUG - 2025-06-25 08:13:01 --> Session: Class initialized using 'CodeIgniter\Session\Handlers\FileHandler' driver.
DEBUG - 2025-06-25 08:13:10 --> Session: Class initialized using 'CodeIgniter\Session\Handlers\FileHandler' driver.
DEBUG - 2025-06-25 08:14:00 --> Session: Class initialized using 'CodeIgniter\Session\Handlers\FileHandler' driver.
DEBUG - 2025-06-25 08:14:05 --> Session: Class initialized using 'CodeIgniter\Session\Handlers\FileHandler' driver.
DEBUG - 2025-06-25 08:16:06 --> Session: Class initialized using 'CodeIgniter\Session\Handlers\FileHandler' driver.
DEBUG - 2025-06-25 08:16:11 --> Session: Class initialized using 'CodeIgniter\Session\Handlers\FileHandler' driver.
DEBUG - 2025-06-25 08:16:17 --> Session: Class initialized using 'CodeIgniter\Session\Handlers\FileHandler' driver.
DEBUG - 2025-06-25 08:16:24 --> Session: Class initialized using 'CodeIgniter\Session\Handlers\FileHandler' driver.
DEBUG - 2025-06-25 08:23:20 --> Session: Class initialized using 'CodeIgniter\Session\Handlers\FileHandler' driver.
DEBUG - 2025-06-25 08:23:41 --> Session: Class initialized using 'CodeIgniter\Session\Handlers\FileHandler' driver.
DEBUG - 2025-06-25 08:23:41 --> Session: Class initialized using 'CodeIgniter\Session\Handlers\FileHandler' driver.
DEBUG - 2025-06-25 08:23:48 --> Session: Class initialized using 'CodeIgniter\Session\Handlers\FileHandler' driver.
DEBUG - 2025-06-25 08:23:52 --> Session: Class initialized using 'CodeIgniter\Session\Handlers\FileHandler' driver.
